Reading netlist file: "C:\Code\FPGA_comptaiton\fpga_project\impl\gwsynthesis\fpga_project.vg"
Parsing netlist file "C:\Code\FPGA_comptaiton\fpga_project\impl\gwsynthesis\fpga_project.vg" completed
Processing netlist completed
Physical Constraint parsed completed
Running placement......
[10%] Placement Phase 0 completed
[20%] Placement Phase 1 completed
[30%] Placement Phase 2 completed
[50%] Placement Phase 3 completed
Running routing......
[60%] Routing Phase 0 completed
[70%] Routing Phase 1 completed
[80%] Routing Phase 2 completed
[90%] Routing Phase 3 completed
Placement and routing completed
Running timing analysis......
[95%] Timing analysis completed
Bitstream generation in progress......
Bitstream generation completed
Running power analysis......
[100%] Power analysis completed
Generate file "C:\Code\FPGA_comptaiton\fpga_project\impl\pnr\fpga_project.power.html" completed
Generate file "C:\Code\FPGA_comptaiton\fpga_project\impl\pnr\fpga_project.pin.html" completed
Generate file "C:\Code\FPGA_comptaiton\fpga_project\impl\pnr\fpga_project.rpt.html" completed
Generate file "C:\Code\FPGA_comptaiton\fpga_project\impl\pnr\fpga_project.rpt.txt" completed
Generate file "C:\Code\FPGA_comptaiton\fpga_project\impl\pnr\fpga_project.tr.html" completed
Mon Nov 02 20:34:56 2020

